\BOOKMARK [0][-]{chapter*.3}{Abstract}{}% 1
\BOOKMARK [0][-]{chapter*.4}{Acknowledgement}{}% 2
\BOOKMARK [0][-]{chapter*.5}{Acronyms}{}% 3
\BOOKMARK [0][-]{chapter*.6}{Symbols}{}% 4
\BOOKMARK [0][-]{chapter*.7}{Lists of Figures}{}% 5
\BOOKMARK [0][-]{chapter*.8}{Lists of Tables}{}% 6
\BOOKMARK [0][-]{chapter.1}{Introduction}{}% 7
\BOOKMARK [1][-]{section.1.1}{Background}{chapter.1}% 8
\BOOKMARK [1][-]{section.1.2}{Motivation and Objectives}{chapter.1}% 9
\BOOKMARK [1][-]{section.1.3}{Major contribution of the Dissertation}{chapter.1}% 10
\BOOKMARK [1][-]{section.1.4}{Organisation of the Dissertation}{chapter.1}% 11
\BOOKMARK [0][-]{chapter.2}{Literature Review}{}% 12
\BOOKMARK [1][-]{section.2.1}{Visual SLAM}{chapter.2}% 13
\BOOKMARK [2][-]{subsection.2.1.1}{Introduction}{section.2.1}% 14
\BOOKMARK [2][-]{subsection.2.1.2}{Basic Structure}{section.2.1}% 15
\BOOKMARK [2][-]{subsection.2.1.3}{Algorithms}{section.2.1}% 16
\BOOKMARK [1][-]{section.2.2}{Visual SLAM Solutions}{chapter.2}% 17
\BOOKMARK [2][-]{subsection.2.2.1}{ORB-SLAM}{section.2.2}% 18
\BOOKMARK [2][-]{subsection.2.2.2}{CORB-SLAM}{section.2.2}% 19
\BOOKMARK [1][-]{section.2.3}{Illumination Tolerance Algorithms}{chapter.2}% 20
\BOOKMARK [2][-]{subsection.2.3.1}{Model-based Approaches}{section.2.3}% 21
\BOOKMARK [2][-]{subsection.2.3.2}{Illumination Variance}{section.2.3}% 22
\BOOKMARK [2][-]{subsection.2.3.3}{Life-Long SLAM}{section.2.3}% 23
\BOOKMARK [0][-]{chapter.3}{Approach \(Actual work done and contribution, including literature survey\)}{}% 24
\BOOKMARK [1][-]{section.3.1}{Evaluation of CORBSLAM}{chapter.3}% 25
\BOOKMARK [1][-]{section.3.2}{Modification to CORBSLAM}{chapter.3}% 26
\BOOKMARK [1][-]{section.3.3}{CORBSLAM with Illumination Variance}{chapter.3}% 27
\BOOKMARK [0][-]{chapter.4}{Test and Experiments}{}% 28
\BOOKMARK [1][-]{section.4.1}{Evaluation of CORBSLAM}{chapter.4}% 29
\BOOKMARK [2][-]{subsection.4.1.1}{Evaluation on multi ground robots}{section.4.1}% 30
\BOOKMARK [2][-]{subsection.4.1.2}{Evaluation on multi hybrid robots}{section.4.1}% 31
\BOOKMARK [1][-]{section.4.2}{Evaluation under different illumination}{chapter.4}% 32
\BOOKMARK [0][-]{chapter.5}{Discussion}{}% 33
\BOOKMARK [1][-]{section.5.1}{One}{chapter.5}% 34
\BOOKMARK [1][-]{section.5.2}{Two}{chapter.5}% 35
\BOOKMARK [1][-]{section.5.3}{Three}{chapter.5}% 36
\BOOKMARK [0][-]{chapter.6}{Conclusion and Recommendations}{}% 37
\BOOKMARK [1][-]{section.6.1}{One}{chapter.6}% 38
\BOOKMARK [1][-]{section.6.2}{Two}{chapter.6}% 39
\BOOKMARK [1][-]{section.6.3}{Three}{chapter.6}% 40
\BOOKMARK [0][-]{chapter*.14}{Appendix A}{}% 41
\BOOKMARK [0][-]{chapter*.15}{Appendix B}{}% 42
